<?xml version="1.0" encoding="UTF-8"?>
<testng-results ignored="0" total="1" passed="1" failed="0" skipped="0">
  <reporter-output>
  </reporter-output>
  <suite started-at="2022-12-22T10:08:34Z" name="Default suite" finished-at="2022-12-22T10:08:52Z" duration-ms="17857">
    <groups>
    </groups>
    <test started-at="2022-12-22T10:08:34Z" name="Default test" finished-at="2022-12-22T10:08:52Z" duration-ms="17857">
      <class name="Vdotok.Android.Testcases.AndroidCombineTest">
        <test-method signature="SmokeTest()[pri:0, instance:Vdotok.Android.Testcases.AndroidCombineTest@7e3181aa]" started-at="2022-12-22T10:08:34Z" name="SmokeTest" finished-at="2022-12-22T10:08:52Z" duration-ms="17847" status="PASS">
          <reporter-output>
          </reporter-output>
        </test-method> <!-- SmokeTest -->
      </class> <!-- Vdotok.Android.Testcases.AndroidCombineTest -->
    </test> <!-- Default test -->
  </suite> <!-- Default suite -->
</testng-results>
